<?xml version="1.0" encoding="UTF-8"?>
<testsuite xmlns:xsi="http://www.w3.org/2001/XMLSchema-instance" xsi:noNamespaceSchemaLocation="https://maven.apache.org/surefire/maven-surefire-plugin/xsd/surefire-test-report.xsd" name="com.sundd.myspring.AppTest" time="0.004" tests="1" errors="0" skipped="0" failures="0">
  <properties>
    <property name="sun.desktop" value="windows"/>
    <property name="awt.toolkit" value="sun.awt.windows.WToolkit"/>
    <property name="file.encoding.pkg" value="sun.io"/>
    <property name="java.specification.version" value="1.8"/>
    <property name="sun.cpu.isalist" value="amd64"/>
    <property name="sun.jnu.encoding" value="GBK"/>
    <property name="java.class.path" value="F:\Workspace\myspring\target\test-classes;F:\Workspace\myspring\target\classes;F:\repository\mavenRepository\org\springframework\boot\spring-boot-starter-web\2.3.1.RELEASE\spring-boot-starter-web-2.3.1.RELEASE.jar;F:\repository\mavenRepository\org\springframework\boot\spring-boot-starter\2.3.1.RELEASE\spring-boot-starter-2.3.1.RELEASE.jar;F:\repository\mavenRepository\org\springframework\boot\spring-boot\2.3.1.RELEASE\spring-boot-2.3.1.RELEASE.jar;F:\repository\mavenRepository\org\springframework\boot\spring-boot-autoconfigure\2.3.1.RELEASE\spring-boot-autoconfigure-2.3.1.RELEASE.jar;F:\repository\mavenRepository\org\springframework\boot\spring-boot-starter-logging\2.3.1.RELEASE\spring-boot-starter-logging-2.3.1.RELEASE.jar;F:\repository\mavenRepository\ch\qos\logback\logback-classic\1.2.3\logback-classic-1.2.3.jar;F:\repository\mavenRepository\ch\qos\logback\logback-core\1.2.3\logback-core-1.2.3.jar;F:\repository\mavenRepository\org\apache\logging\log4j\log4j-to-slf4j\2.13.3\log4j-to-slf4j-2.13.3.jar;F:\repository\mavenRepository\org\apache\logging\log4j\log4j-api\2.13.3\log4j-api-2.13.3.jar;F:\repository\mavenRepository\org\slf4j\jul-to-slf4j\1.7.30\jul-to-slf4j-1.7.30.jar;F:\repository\mavenRepository\jakarta\annotation\jakarta.annotation-api\1.3.5\jakarta.annotation-api-1.3.5.jar;F:\repository\mavenRepository\org\yaml\snakeyaml\1.26\snakeyaml-1.26.jar;F:\repository\mavenRepository\org\springframework\boot\spring-boot-starter-json\2.3.1.RELEASE\spring-boot-starter-json-2.3.1.RELEASE.jar;F:\repository\mavenRepository\com\fasterxml\jackson\core\jackson-databind\2.11.0\jackson-databind-2.11.0.jar;F:\repository\mavenRepository\com\fasterxml\jackson\core\jackson-annotations\2.11.0\jackson-annotations-2.11.0.jar;F:\repository\mavenRepository\com\fasterxml\jackson\core\jackson-core\2.11.0\jackson-core-2.11.0.jar;F:\repository\mavenRepository\com\fasterxml\jackson\datatype\jackson-datatype-jdk8\2.11.0\jackson-datatype-jdk8-2.11.0.jar;F:\repository\mavenRepository\com\fasterxml\jackson\datatype\jackson-datatype-jsr310\2.11.0\jackson-datatype-jsr310-2.11.0.jar;F:\repository\mavenRepository\com\fasterxml\jackson\module\jackson-module-parameter-names\2.11.0\jackson-module-parameter-names-2.11.0.jar;F:\repository\mavenRepository\org\springframework\boot\spring-boot-starter-tomcat\2.3.1.RELEASE\spring-boot-starter-tomcat-2.3.1.RELEASE.jar;F:\repository\mavenRepository\org\apache\tomcat\embed\tomcat-embed-core\9.0.36\tomcat-embed-core-9.0.36.jar;F:\repository\mavenRepository\org\glassfish\jakarta.el\3.0.3\jakarta.el-3.0.3.jar;F:\repository\mavenRepository\org\apache\tomcat\embed\tomcat-embed-websocket\9.0.36\tomcat-embed-websocket-9.0.36.jar;F:\repository\mavenRepository\org\springframework\spring-web\5.2.7.RELEASE\spring-web-5.2.7.RELEASE.jar;F:\repository\mavenRepository\org\springframework\spring-webmvc\5.2.7.RELEASE\spring-webmvc-5.2.7.RELEASE.jar;F:\repository\mavenRepository\org\springframework\spring-context\5.2.1.RELEASE\spring-context-5.2.1.RELEASE.jar;F:\repository\mavenRepository\org\springframework\spring-aop\5.2.7.RELEASE\spring-aop-5.2.7.RELEASE.jar;F:\repository\mavenRepository\org\springframework\spring-beans\5.2.7.RELEASE\spring-beans-5.2.7.RELEASE.jar;F:\repository\mavenRepository\org\springframework\spring-core\5.2.7.RELEASE\spring-core-5.2.7.RELEASE.jar;F:\repository\mavenRepository\org\springframework\spring-jcl\5.2.7.RELEASE\spring-jcl-5.2.7.RELEASE.jar;F:\repository\mavenRepository\org\springframework\spring-expression\5.2.7.RELEASE\spring-expression-5.2.7.RELEASE.jar;F:\repository\mavenRepository\org\springframework\spring-context-support\5.2.7.RELEASE\spring-context-support-5.2.7.RELEASE.jar;F:\repository\mavenRepository\redis\clients\jedis\2.9.0\jedis-2.9.0.jar;F:\repository\mavenRepository\org\apache\commons\commons-pool2\2.8.0\commons-pool2-2.8.0.jar;F:\repository\mavenRepository\org\mybatis\mybatis\3.5.9\mybatis-3.5.9.jar;F:\repository\mavenRepository\org\mybatis\mybatis-spring\2.1.2\mybatis-spring-2.1.2.jar;F:\repository\mavenRepository\org\springframework\spring-jdbc\4.3.8.RELEASE\spring-jdbc-4.3.8.RELEASE.jar;F:\repository\mavenRepository\org\springframework\spring-tx\5.2.7.RELEASE\spring-tx-5.2.7.RELEASE.jar;F:\repository\mavenRepository\com\mchange\c3p0\0.9.5.2\c3p0-0.9.5.2.jar;F:\repository\mavenRepository\com\mchange\mchange-commons-java\0.2.11\mchange-commons-java-0.2.11.jar;F:\repository\mavenRepository\mysql\mysql-connector-java\8.0.9-rc\mysql-connector-java-8.0.9-rc.jar;F:\repository\mavenRepository\com\oracle\database\jdbc\ojdbc8\19.9.0.0\ojdbc8-19.9.0.0.jar;F:\repository\mavenRepository\com\oracle\database\nls\orai18n\19.9.0.0\orai18n-19.9.0.0.jar;F:\repository\mavenRepository\com\github\pagehelper\pagehelper\6.1.0\pagehelper-6.1.0.jar;F:\repository\mavenRepository\com\github\jsqlparser\jsqlparser\4.7\jsqlparser-4.7.jar;F:\repository\mavenRepository\net\sf\ehcache\ehcache\2.9.1\ehcache-2.9.1.jar;F:\repository\mavenRepository\org\slf4j\slf4j-api\1.7.30\slf4j-api-1.7.30.jar;F:\repository\mavenRepository\org\mybatis\caches\mybatis-ehcache\1.2.3\mybatis-ehcache-1.2.3.jar;F:\repository\mavenRepository\log4j\log4j\1.2.17\log4j-1.2.17.jar;F:\repository\mavenRepository\javax\annotation\jsr250-api\1.0\jsr250-api-1.0.jar;F:\repository\mavenRepository\cglib\cglib\3.3.0\cglib-3.3.0.jar;F:\repository\mavenRepository\org\ow2\asm\asm\7.1\asm-7.1.jar;F:\repository\mavenRepository\junit\junit\3.8.1\junit-3.8.1.jar;"/>
    <property name="java.vm.vendor" value="Oracle Corporation"/>
    <property name="sun.arch.data.model" value="64"/>
    <property name="user.variant" value=""/>
    <property name="java.vendor.url" value="http://java.oracle.com/"/>
    <property name="user.timezone" value="Asia/Shanghai"/>
    <property name="java.vm.specification.version" value="1.8"/>
    <property name="os.name" value="Windows 10"/>
    <property name="user.country" value="CN"/>
    <property name="sun.java.launcher" value="SUN_STANDARD"/>
    <property name="sun.boot.library.path" value="C:\Program Files\Java\jdk1.8.0_191\jre\bin"/>
    <property name="sun.java.command" value="C:\Users\11988\AppData\Local\Temp\surefire6502530544054008469\surefirebooter8772063843443747810.jar C:\Users\11988\AppData\Local\Temp\surefire6502530544054008469 2024-04-11T13-04-47_509-jvmRun1 surefire5239128357634161671tmp surefire_0262621586826316978tmp"/>
    <property name="surefire.test.class.path" value="F:\Workspace\myspring\target\test-classes;F:\Workspace\myspring\target\classes;F:\repository\mavenRepository\org\springframework\boot\spring-boot-starter-web\2.3.1.RELEASE\spring-boot-starter-web-2.3.1.RELEASE.jar;F:\repository\mavenRepository\org\springframework\boot\spring-boot-starter\2.3.1.RELEASE\spring-boot-starter-2.3.1.RELEASE.jar;F:\repository\mavenRepository\org\springframework\boot\spring-boot\2.3.1.RELEASE\spring-boot-2.3.1.RELEASE.jar;F:\repository\mavenRepository\org\springframework\boot\spring-boot-autoconfigure\2.3.1.RELEASE\spring-boot-autoconfigure-2.3.1.RELEASE.jar;F:\repository\mavenRepository\org\springframework\boot\spring-boot-starter-logging\2.3.1.RELEASE\spring-boot-starter-logging-2.3.1.RELEASE.jar;F:\repository\mavenRepository\ch\qos\logback\logback-classic\1.2.3\logback-classic-1.2.3.jar;F:\repository\mavenRepository\ch\qos\logback\logback-core\1.2.3\logback-core-1.2.3.jar;F:\repository\mavenRepository\org\apache\logging\log4j\log4j-to-slf4j\2.13.3\log4j-to-slf4j-2.13.3.jar;F:\repository\mavenRepository\org\apache\logging\log4j\log4j-api\2.13.3\log4j-api-2.13.3.jar;F:\repository\mavenRepository\org\slf4j\jul-to-slf4j\1.7.30\jul-to-slf4j-1.7.30.jar;F:\repository\mavenRepository\jakarta\annotation\jakarta.annotation-api\1.3.5\jakarta.annotation-api-1.3.5.jar;F:\repository\mavenRepository\org\yaml\snakeyaml\1.26\snakeyaml-1.26.jar;F:\repository\mavenRepository\org\springframework\boot\spring-boot-starter-json\2.3.1.RELEASE\spring-boot-starter-json-2.3.1.RELEASE.jar;F:\repository\mavenRepository\com\fasterxml\jackson\core\jackson-databind\2.11.0\jackson-databind-2.11.0.jar;F:\repository\mavenRepository\com\fasterxml\jackson\core\jackson-annotations\2.11.0\jackson-annotations-2.11.0.jar;F:\repository\mavenRepository\com\fasterxml\jackson\core\jackson-core\2.11.0\jackson-core-2.11.0.jar;F:\repository\mavenRepository\com\fasterxml\jackson\datatype\jackson-datatype-jdk8\2.11.0\jackson-datatype-jdk8-2.11.0.jar;F:\repository\mavenRepository\com\fasterxml\jackson\datatype\jackson-datatype-jsr310\2.11.0\jackson-datatype-jsr310-2.11.0.jar;F:\repository\mavenRepository\com\fasterxml\jackson\module\jackson-module-parameter-names\2.11.0\jackson-module-parameter-names-2.11.0.jar;F:\repository\mavenRepository\org\springframework\boot\spring-boot-starter-tomcat\2.3.1.RELEASE\spring-boot-starter-tomcat-2.3.1.RELEASE.jar;F:\repository\mavenRepository\org\apache\tomcat\embed\tomcat-embed-core\9.0.36\tomcat-embed-core-9.0.36.jar;F:\repository\mavenRepository\org\glassfish\jakarta.el\3.0.3\jakarta.el-3.0.3.jar;F:\repository\mavenRepository\org\apache\tomcat\embed\tomcat-embed-websocket\9.0.36\tomcat-embed-websocket-9.0.36.jar;F:\repository\mavenRepository\org\springframework\spring-web\5.2.7.RELEASE\spring-web-5.2.7.RELEASE.jar;F:\repository\mavenRepository\org\springframework\spring-webmvc\5.2.7.RELEASE\spring-webmvc-5.2.7.RELEASE.jar;F:\repository\mavenRepository\org\springframework\spring-context\5.2.1.RELEASE\spring-context-5.2.1.RELEASE.jar;F:\repository\mavenRepository\org\springframework\spring-aop\5.2.7.RELEASE\spring-aop-5.2.7.RELEASE.jar;F:\repository\mavenRepository\org\springframework\spring-beans\5.2.7.RELEASE\spring-beans-5.2.7.RELEASE.jar;F:\repository\mavenRepository\org\springframework\spring-core\5.2.7.RELEASE\spring-core-5.2.7.RELEASE.jar;F:\repository\mavenRepository\org\springframework\spring-jcl\5.2.7.RELEASE\spring-jcl-5.2.7.RELEASE.jar;F:\repository\mavenRepository\org\springframework\spring-expression\5.2.7.RELEASE\spring-expression-5.2.7.RELEASE.jar;F:\repository\mavenRepository\org\springframework\spring-context-support\5.2.7.RELEASE\spring-context-support-5.2.7.RELEASE.jar;F:\repository\mavenRepository\redis\clients\jedis\2.9.0\jedis-2.9.0.jar;F:\repository\mavenRepository\org\apache\commons\commons-pool2\2.8.0\commons-pool2-2.8.0.jar;F:\repository\mavenRepository\org\mybatis\mybatis\3.5.9\mybatis-3.5.9.jar;F:\repository\mavenRepository\org\mybatis\mybatis-spring\2.1.2\mybatis-spring-2.1.2.jar;F:\repository\mavenRepository\org\springframework\spring-jdbc\4.3.8.RELEASE\spring-jdbc-4.3.8.RELEASE.jar;F:\repository\mavenRepository\org\springframework\spring-tx\5.2.7.RELEASE\spring-tx-5.2.7.RELEASE.jar;F:\repository\mavenRepository\com\mchange\c3p0\0.9.5.2\c3p0-0.9.5.2.jar;F:\repository\mavenRepository\com\mchange\mchange-commons-java\0.2.11\mchange-commons-java-0.2.11.jar;F:\repository\mavenRepository\mysql\mysql-connector-java\8.0.9-rc\mysql-connector-java-8.0.9-rc.jar;F:\repository\mavenRepository\com\oracle\database\jdbc\ojdbc8\19.9.0.0\ojdbc8-19.9.0.0.jar;F:\repository\mavenRepository\com\oracle\database\nls\orai18n\19.9.0.0\orai18n-19.9.0.0.jar;F:\repository\mavenRepository\com\github\pagehelper\pagehelper\6.1.0\pagehelper-6.1.0.jar;F:\repository\mavenRepository\com\github\jsqlparser\jsqlparser\4.7\jsqlparser-4.7.jar;F:\repository\mavenRepository\net\sf\ehcache\ehcache\2.9.1\ehcache-2.9.1.jar;F:\repository\mavenRepository\org\slf4j\slf4j-api\1.7.30\slf4j-api-1.7.30.jar;F:\repository\mavenRepository\org\mybatis\caches\mybatis-ehcache\1.2.3\mybatis-ehcache-1.2.3.jar;F:\repository\mavenRepository\log4j\log4j\1.2.17\log4j-1.2.17.jar;F:\repository\mavenRepository\javax\annotation\jsr250-api\1.0\jsr250-api-1.0.jar;F:\repository\mavenRepository\cglib\cglib\3.3.0\cglib-3.3.0.jar;F:\repository\mavenRepository\org\ow2\asm\asm\7.1\asm-7.1.jar;F:\repository\mavenRepository\junit\junit\3.8.1\junit-3.8.1.jar;"/>
    <property name="sun.cpu.endian" value="little"/>
    <property name="user.home" value="C:\Users\11988"/>
    <property name="user.language" value="zh"/>
    <property name="java.specification.vendor" value="Oracle Corporation"/>
    <property name="java.home" value="C:\Program Files\Java\jdk1.8.0_191\jre"/>
    <property name="basedir" value="F:\Workspace\myspring"/>
    <property name="file.separator" value="\"/>
    <property name="line.separator" value="&#10;"/>
    <property name="java.vm.specification.vendor" value="Oracle Corporation"/>
    <property name="java.specification.name" value="Java Platform API Specification"/>
    <property name="java.awt.graphicsenv" value="sun.awt.Win32GraphicsEnvironment"/>
    <property name="surefire.real.class.path" value="C:\Users\11988\AppData\Local\Temp\surefire6502530544054008469\surefirebooter8772063843443747810.jar"/>
    <property name="sun.boot.class.path" value="C:\Program Files\Java\jdk1.8.0_191\jre\lib\resources.jar;C:\Program Files\Java\jdk1.8.0_191\jre\lib\rt.jar;C:\Program Files\Java\jdk1.8.0_191\jre\lib\sunrsasign.jar;C:\Program Files\Java\jdk1.8.0_191\jre\lib\jsse.jar;C:\Program Files\Java\jdk1.8.0_191\jre\lib\jce.jar;C:\Program Files\Java\jdk1.8.0_191\jre\lib\charsets.jar;C:\Program Files\Java\jdk1.8.0_191\jre\lib\jfr.jar;C:\Program Files\Java\jdk1.8.0_191\jre\classes"/>
    <property name="user.script" value=""/>
    <property name="sun.management.compiler" value="HotSpot 64-Bit Tiered Compilers"/>
    <property name="java.runtime.version" value="1.8.0_191-b12"/>
    <property name="user.name" value="11988"/>
    <property name="path.separator" value=";"/>
    <property name="os.version" value="10.0"/>
    <property name="java.endorsed.dirs" value="C:\Program Files\Java\jdk1.8.0_191\jre\lib\endorsed"/>
    <property name="java.runtime.name" value="Java(TM) SE Runtime Environment"/>
    <property name="file.encoding" value="GBK"/>
    <property name="java.vm.name" value="Java HotSpot(TM) 64-Bit Server VM"/>
    <property name="localRepository" value="F:\repository\mavenRepository"/>
    <property name="java.vendor.url.bug" value="http://bugreport.sun.com/bugreport/"/>
    <property name="java.io.tmpdir" value="C:\Users\11988\AppData\Local\Temp\"/>
    <property name="java.version" value="1.8.0_191"/>
    <property name="user.dir" value="F:\Workspace\myspring"/>
    <property name="os.arch" value="amd64"/>
    <property name="java.vm.specification.name" value="Java Virtual Machine Specification"/>
    <property name="java.awt.printerjob" value="sun.awt.windows.WPrinterJob"/>
    <property name="sun.os.patch.level" value=""/>
    <property name="java.library.path" value="C:\Program Files\Java\jdk1.8.0_191\jre\bin;C:\WINDOWS\Sun\Java\bin;C:\WINDOWS\system32;C:\WINDOWS;C:/Program Files/Java/jre1.8.0_191/bin/server;C:/Program Files/Java/jre1.8.0_191/bin;C:/Program Files/Java/jre1.8.0_191/lib/amd64;D:\VM\bin\;C:\Program Files (x86)\Common Files\Oracle\Java\javapath;C:\WINDOWS\system32;C:\WINDOWS;C:\WINDOWS\System32\Wbem;C:\WINDOWS\System32\WindowsPowerShell\v1.0\;C:\WINDOWS\System32\OpenSSH\;C:\Program Files (x86)\NVIDIA Corporation\PhysX\Common;%JAVA_HOME%\bin;%JAVA_HOME%\jre\bin;%MAVEN_HOME%\bin;C:\Program Files (x86)\MySQL\MySQL Server 5.5\bin;F:\Program Files\Redis-x64-3.0.500;%USERPROFILE%\AppData\Local\Microsoft\WindowsApps;D:\QQGameTempest\Hall.58012\;F:\Program Files\eclipse;;."/>
    <property name="java.vm.info" value="mixed mode"/>
    <property name="java.vendor" value="Oracle Corporation"/>
    <property name="java.vm.version" value="25.191-b12"/>
    <property name="java.ext.dirs" value="C:\Program Files\Java\jdk1.8.0_191\jre\lib\ext;C:\WINDOWS\Sun\Java\lib\ext"/>
    <property name="sun.io.unicode.encoding" value="UnicodeLittle"/>
    <property name="java.class.version" value="52.0"/>
  </properties>
  <testcase name="testApp" classname="com.sundd.myspring.AppTest" time="0.001"/>
</testsuite>